<?xml version="1.0" encoding="UTF-8"?>
<!-- Generated by org.testng.reporters.JUnitReportReporter -->
<testsuite skipped="0" hostname="SON04601" name="RestAssuredTests.TC006_basicValidation_XML" tests="1" failures="0" timestamp="2020-05-11T14:49:10 EDT" time="1.780" errors="0">
  <testcase name="testUsingXpath" time="1.780" classname="RestAssuredTests.TC006_basicValidation_XML"/>
  <system-out/>
</testsuite> <!-- RestAssuredTests.TC006_basicValidation_XML -->
