<?xml version="1.0" encoding="UTF-8"?>
<!-- Generated by org.testng.reporters.JUnitReportReporter -->
<testsuite skipped="0" hostname="SON04601" name="RestAssuredTests.TC004_DELETE_Request" tests="1" failures="0" timestamp="2020-05-07T16:11:03 EDT" time="1.943" errors="0">
  <testcase name="deleteEmployeeRecord" time="1.943" classname="RestAssuredTests.TC004_DELETE_Request"/>
  <system-out/>
</testsuite> <!-- RestAssuredTests.TC004_DELETE_Request -->
