<?xml version="1.0" encoding="UTF-8"?>
<!-- Generated by org.testng.reporters.JUnitReportReporter -->
<testsuite skipped="0" hostname="SON04601" name="RestAssuredTests.TC002_POST_Request" tests="1" failures="0" timestamp="2020-05-07T15:24:18 EDT" time="1.670" errors="0">
  <testcase name="testPost" time="1.670" classname="RestAssuredTests.TC002_POST_Request"/>
  <system-out/>
</testsuite> <!-- RestAssuredTests.TC002_POST_Request -->
