<?xml version="1.0" encoding="UTF-8"?>
<!-- Generated by org.testng.reporters.JUnitReportReporter -->
<testsuite skipped="0" hostname="SON04601" name="RestAssuredTests.TC001_GET_Request" tests="1" failures="0" timestamp="2020-05-07T12:23:16 EDT" time="2.306" errors="0">
  <testcase name="getWeatherDetails" time="2.306" classname="RestAssuredTests.TC001_GET_Request"/>
  <system-out/>
</testsuite> <!-- RestAssuredTests.TC001_GET_Request -->
