<?xml version="1.0" encoding="UTF-8"?>
<!-- Generated by org.testng.reporters.JUnitReportReporter -->
<testsuite skipped="0" hostname="SON04601" name="RestAssuredTests.TC005_basicValidation" tests="1" failures="0" timestamp="2020-05-11T14:08:58 EDT" time="1.720" errors="0">
  <testcase name="testParamsAndHeaders" time="1.720" classname="RestAssuredTests.TC005_basicValidation"/>
  <system-out/>
</testsuite> <!-- RestAssuredTests.TC005_basicValidation -->
