<?xml version="1.0" encoding="UTF-8"?>
<!-- Generated by org.testng.reporters.JUnitReportReporter -->
<testsuite skipped="0" hostname="SON04601" name="RestAssuredTests.TC003_PUT_Request" tests="1" failures="0" timestamp="2020-05-07T15:58:10 EDT" time="2.335" errors="0">
  <testcase name="testPUT" time="2.335" classname="RestAssuredTests.TC003_PUT_Request"/>
  <system-out/>
</testsuite> <!-- RestAssuredTests.TC003_PUT_Request -->
